<?xml version="1.0" encoding="UTF-8"?>
<!-- Generated by org.testng.reporters.JUnitReportReporter -->
<testsuite hostname="DESKTOP-K4PSFA9" failures="0" tests="1" name="testscripts.getAPI" time="0.126" errors="0" timestamp="2024-07-27T22:12:57 IST" skipped="0">
  <testcase classname="testscripts.getAPI" name="getUserInPageTwo" time="0.126"/>
  <system-out/>
</testsuite> <!-- testscripts.getAPI -->
