<?xml version="1.0" encoding="UTF-8"?>
<!-- Generated by org.testng.reporters.JUnitReportReporter -->
<testsuite hostname="DESKTOP-K4PSFA9" failures="0" tests="2" name="testscripts.TestAPI" time="2.941" errors="0" timestamp="2024-07-27T19:56:51 IST" skipped="0">
  <testcase classname="testscripts.TestAPI" name="getUserInPageTwo" time="2.058"/>
  <system-out/>
  <testcase classname="testscripts.TestAPI" name="putSingleUser" time="0.883"/>
  <system-out/>
</testsuite> <!-- testscripts.TestAPI -->
